<?xml version="1.0" encoding="UTF-8"?>
<testng-results skipped="0" failed="1" ignored="0" total="18" passed="17">
  <reporter-output>
  </reporter-output>
  <suite name="Default suite" duration-ms="1780117" started-at="2018-08-01T19:30:59Z" finished-at="2018-08-01T20:00:39Z">
    <groups>
    </groups>
    <test name="Default test" duration-ms="1780117" started-at="2018-08-01T19:30:59Z" finished-at="2018-08-01T20:00:39Z">
      <class name="regressionTestSuite.OldRegressionTestcase">
        <test-method status="PASS" signature="MT728()[pri:4, instance:regressionTestSuite.OldRegressionTestcase@48aaecc3]" name="MT728" duration-ms="122417" started-at="2018-08-02T00:24:17Z" finished-at="2018-08-02T00:26:19Z">
          <reporter-output>
          </reporter-output>
        </test-method> <!-- MT728 -->
        <test-method status="PASS" signature="MT730()[pri:5, instance:regressionTestSuite.OldRegressionTestcase@48aaecc3]" name="MT730" duration-ms="139078" started-at="2018-08-02T00:26:19Z" finished-at="2018-08-02T00:28:38Z">
          <reporter-output>
          </reporter-output>
        </test-method> <!-- MT730 -->
        <test-method status="PASS" signature="MT731()[pri:6, instance:regressionTestSuite.OldRegressionTestcase@48aaecc3]" name="MT731" duration-ms="170903" started-at="2018-08-02T00:28:38Z" finished-at="2018-08-02T00:31:29Z">
          <reporter-output>
          </reporter-output>
        </test-method> <!-- MT731 -->
        <test-method status="PASS" signature="MT729()[pri:0, instance:regressionTestSuite.OldRegressionTestcase@48aaecc3]" name="MT729" duration-ms="488650" started-at="2018-08-02T00:30:59Z" finished-at="2018-08-02T00:39:08Z">
          <reporter-output>
          </reporter-output>
        </test-method> <!-- MT729 -->
        <test-method status="PASS" signature="MT837()[pri:7, instance:regressionTestSuite.OldRegressionTestcase@48aaecc3]" name="MT837" duration-ms="248494" started-at="2018-08-02T00:31:29Z" finished-at="2018-08-02T00:35:38Z">
          <reporter-output>
          </reporter-output>
        </test-method> <!-- MT837 -->
        <test-method status="PASS" signature="MT840()[pri:8, instance:regressionTestSuite.OldRegressionTestcase@48aaecc3]" name="MT840" duration-ms="36162" started-at="2018-08-02T00:35:38Z" finished-at="2018-08-02T00:36:14Z">
          <reporter-output>
          </reporter-output>
        </test-method> <!-- MT840 -->
        <test-method status="PASS" signature="MT1519()[pri:9, instance:regressionTestSuite.OldRegressionTestcase@48aaecc3]" name="MT1519" duration-ms="81427" started-at="2018-08-02T00:36:14Z" finished-at="2018-08-02T00:37:35Z">
          <reporter-output>
          </reporter-output>
        </test-method> <!-- MT1519 -->
        <test-method status="PASS" signature="MT1520()[pri:10, instance:regressionTestSuite.OldRegressionTestcase@48aaecc3]" name="MT1520" duration-ms="48070" started-at="2018-08-02T00:37:35Z" finished-at="2018-08-02T00:38:23Z">
          <reporter-output>
          </reporter-output>
        </test-method> <!-- MT1520 -->
        <test-method status="FAIL" signature="MT1521()[pri:11, instance:regressionTestSuite.OldRegressionTestcase@48aaecc3]" name="MT1521" duration-ms="75366" started-at="2018-08-02T00:38:23Z" finished-at="2018-08-02T00:39:39Z">
          <exception class="org.openqa.selenium.ElementNotInteractableException">
            <message>
              <![CDATA[Element <button class="btn btn-default" type="button"> could not be scrolled into viewBuild info: version: '3.11.0', revision: 'e59cfb3', time: '2018-03-11T20:26:55.152Z'System info: host: 'DESKTOP-B75F35K', ip: '10.0.2.15', os.name: 'Windows 10', os.arch: 'amd64', os.version: '10.0', java.version: '1.8.0_171'Driver info: org.openqa.selenium.firefox.FirefoxDriverCapabilities {acceptInsecureCerts: true, browserName: firefox, browserVersion: 61.0.1, javascriptEnabled: true, moz:accessibilityChecks: false, moz:headless: false, moz:processID: 69440, moz:profile: C:\Users\bilaw\AppData\Loca..., moz:useNonSpecCompliantPointerOrigin: false, moz:webdriverClick: true, pageLoadStrategy: normal, platform: XP, platformName: XP, platformVersion: 10.0, rotatable: false, timeouts: {implicit: 0, pageLoad: 300000, script: 30000}}Session ID: 87b497b4-b449-4d77-8d9f-0a6f9965952f]]>
            </message>
            <full-stacktrace>
              <![CDATA[org.openqa.selenium.ElementNotInteractableException: Element <button class="btn btn-default" type="button"> could not be scrolled into viewBuild info: version: '3.11.0', revision: 'e59cfb3', time: '2018-03-11T20:26:55.152Z'System info: host: 'DESKTOP-B75F35K', ip: '10.0.2.15', os.name: 'Windows 10', os.arch: 'amd64', os.version: '10.0', java.version: '1.8.0_171'Driver info: org.openqa.selenium.firefox.FirefoxDriverCapabilities {acceptInsecureCerts: true, browserName: firefox, browserVersion: 61.0.1, javascriptEnabled: true, moz:accessibilityChecks: false, moz:headless: false, moz:processID: 69440, moz:profile: C:\Users\bilaw\AppData\Loca..., moz:useNonSpecCompliantPointerOrigin: false, moz:webdriverClick: true, pageLoadStrategy: normal, platform: XP, platformName: XP, platformVersion: 10.0, rotatable: false, timeouts: {implicit: 0, pageLoad: 300000, script: 30000}}Session ID: 87b497b4-b449-4d77-8d9f-0a6f9965952fat sun.reflect.NativeConstructorAccessorImpl.newInstance0(Native Method)at sun.reflect.NativeConstructorAccessorImpl.newInstance(Unknown Source)at sun.reflect.DelegatingConstructorAccessorImpl.newInstance(Unknown Source)at java.lang.reflect.Constructor.newInstance(Unknown Source)at org.openqa.selenium.remote.http.W3CHttpResponseCodec.createException(W3CHttpResponseCodec.java:187)at org.openqa.selenium.remote.http.W3CHttpResponseCodec.decode(W3CHttpResponseCodec.java:122)at org.openqa.selenium.remote.http.W3CHttpResponseCodec.decode(W3CHttpResponseCodec.java:49)at org.openqa.selenium.remote.HttpCommandExecutor.execute(HttpCommandExecutor.java:158)at org.openqa.selenium.remote.service.DriverCommandExecutor.execute(DriverCommandExecutor.java:83)at org.openqa.selenium.remote.RemoteWebDriver.execute(RemoteWebDriver.java:545)at org.openqa.selenium.remote.RemoteWebElement.execute(RemoteWebElement.java:279)at org.openqa.selenium.remote.RemoteWebElement.click(RemoteWebElement.java:83)at regressionTestSuite.OldRegressionTestcase.MT1521(OldRegressionTestcase.java:1220)at sun.reflect.NativeMethodAccessorImpl.invoke0(Native Method)at sun.reflect.NativeMethodAccessorImpl.invoke(Unknown Source)at sun.reflect.DelegatingMethodAccessorImpl.invoke(Unknown Source)at java.lang.reflect.Method.invoke(Unknown Source)at org.testng.internal.MethodInvocationHelper.invokeMethod(MethodInvocationHelper.java:124)at org.testng.internal.Invoker.invokeMethod(Invoker.java:571)at org.testng.internal.Invoker.invokeTestMethod(Invoker.java:707)at org.testng.internal.Invoker.invokeTestMethods(Invoker.java:979)at org.testng.internal.TestMethodWorker.invokeTestMethods(TestMethodWorker.java:125)at org.testng.internal.TestMethodWorker.run(TestMethodWorker.java:109)at org.testng.TestRunner.privateRun(TestRunner.java:648)at org.testng.TestRunner.run(TestRunner.java:505)at org.testng.SuiteRunner.runTest(SuiteRunner.java:455)at org.testng.SuiteRunner.runSequentially(SuiteRunner.java:450)at org.testng.SuiteRunner.privateRun(SuiteRunner.java:415)at org.testng.SuiteRunner.run(SuiteRunner.java:364)at org.testng.SuiteRunnerWorker.runSuite(SuiteRunnerWorker.java:52)at org.testng.SuiteRunnerWorker.run(SuiteRunnerWorker.java:84)at org.testng.TestNG.runSuitesSequentially(TestNG.java:1187)at org.testng.TestNG.runSuitesLocally(TestNG.java:1116)at org.testng.TestNG.runSuites(TestNG.java:1028)at org.testng.TestNG.run(TestNG.java:996)at org.testng.remote.AbstractRemoteTestNG.run(AbstractRemoteTestNG.java:114)at org.testng.remote.RemoteTestNG.initAndRun(RemoteTestNG.java:251)at org.testng.remote.RemoteTestNG.main(RemoteTestNG.java:77)]]>
            </full-stacktrace>
          </exception> <!-- org.openqa.selenium.ElementNotInteractableException -->
          <reporter-output>
          </reporter-output>
        </test-method> <!-- MT1521 -->
        <test-method status="PASS" signature="MT839()[pri:1, instance:regressionTestSuite.OldRegressionTestcase@48aaecc3]" name="MT839" duration-ms="286334" started-at="2018-08-02T00:39:08Z" finished-at="2018-08-02T00:43:54Z">
          <reporter-output>
          </reporter-output>
        </test-method> <!-- MT839 -->
        <test-method status="PASS" signature="MT1522()[pri:12, instance:regressionTestSuite.OldRegressionTestcase@48aaecc3]" name="MT1522" duration-ms="142395" started-at="2018-08-02T00:39:39Z" finished-at="2018-08-02T00:42:01Z">
          <reporter-output>
          </reporter-output>
        </test-method> <!-- MT1522 -->
        <test-method status="PASS" signature="MT1525()[pri:13, instance:regressionTestSuite.OldRegressionTestcase@48aaecc3]" name="MT1525" duration-ms="156068" started-at="2018-08-02T00:42:01Z" finished-at="2018-08-02T00:44:37Z">
          <reporter-output>
          </reporter-output>
        </test-method> <!-- MT1525 -->
        <test-method status="PASS" signature="MT1535()[pri:2, instance:regressionTestSuite.OldRegressionTestcase@48aaecc3]" name="MT1535" duration-ms="222595" started-at="2018-08-02T00:43:54Z" finished-at="2018-08-02T00:47:36Z">
          <reporter-output>
          </reporter-output>
        </test-method> <!-- MT1535 -->
        <test-method status="PASS" signature="MT1527()[pri:14, instance:regressionTestSuite.OldRegressionTestcase@48aaecc3]" name="MT1527" duration-ms="361310" started-at="2018-08-02T00:44:37Z" finished-at="2018-08-02T00:50:38Z">
          <reporter-output>
          </reporter-output>
        </test-method> <!-- MT1527 -->
        <test-method status="PASS" signature="MT1526()[pri:3, instance:regressionTestSuite.OldRegressionTestcase@48aaecc3]" name="MT1526" duration-ms="-1399822" started-at="2018-08-02T00:47:36Z" finished-at="2018-08-02T00:24:17Z">
          <reporter-output>
          </reporter-output>
        </test-method> <!-- MT1526 -->
        <test-method status="PASS" signature="MT1528()[pri:15, instance:regressionTestSuite.OldRegressionTestcase@48aaecc3]" name="MT1528" duration-ms="89888" started-at="2018-08-02T00:50:38Z" finished-at="2018-08-02T00:52:08Z">
          <reporter-output>
          </reporter-output>
        </test-method> <!-- MT1528 -->
        <test-method status="PASS" signature="MT1534()[pri:16, instance:regressionTestSuite.OldRegressionTestcase@48aaecc3]" name="MT1534" duration-ms="78603" started-at="2018-08-02T00:52:08Z" finished-at="2018-08-02T00:53:27Z">
          <reporter-output>
          </reporter-output>
        </test-method> <!-- MT1534 -->
        <test-method status="PASS" signature="MT838()[pri:17, instance:regressionTestSuite.OldRegressionTestcase@48aaecc3]" name="MT838" duration-ms="432121" started-at="2018-08-02T00:53:27Z" finished-at="2018-08-02T01:00:39Z">
          <reporter-output>
          </reporter-output>
        </test-method> <!-- MT838 -->
      </class> <!-- regressionTestSuite.OldRegressionTestcase -->
    </test> <!-- Default test -->
  </suite> <!-- Default suite -->
</testng-results>
